<?xml version="1.0" encoding="UTF-8"?>
<!-- Generated by org.testng.reporters.JUnitReportReporter -->
<testsuite name="important.AssertANdVerify" tests="1" time="10.597" ignored="0" failures="0" timestamp="02 Jan 2017 07:35:18 GMT" skipped="0" hostname="rahul-Lenovo-G50-70" errors="0">
  <testcase name="assertion" time="10.597" classname="important.AssertANdVerify"/>
</testsuite> <!-- important.AssertANdVerify -->
